<?xml version="1.0" encoding="UTF-8"?>
<testsuite xmlns:xsi="http://www.w3.org/2001/XMLSchema-instance" xsi:noNamespaceSchemaLocation="https://maven.apache.org/surefire/maven-surefire-plugin/xsd/surefire-test-report.xsd" version="3.0.2" name="com.backendstudy.template.BackendTemplateApplicationTests" time="0.805" tests="1" errors="0" skipped="0" failures="0" flakes="0">
  <properties>
[...]
</properties>
  <testcase name="contextLoads" classname="com.backendstudy.template.BackendTemplateApplicationTests" time="0.307">
    <system-out><![CDATA[02:01:18.109 [main] INFO org.springframework.test.context.support.AnnotationConfigContextLoaderUtils -- Could not detect default configuration classes for test class [com.backendstudy.template.BackendTemplateApplicationTests]: BackendTemplateApplicationTests does not declare any static, non-private, non-final, nested classes annotated with @Configuration.
02:01:18.144 [main] INFO org.springframework.boot.test.context.SpringBootTestContextBootstrapper -- Found @SpringBootConfiguration com.backendstudy.template.BackendTemplateApplication for test class com.backendstudy.template.BackendTemplateApplicationTests
02:01:18.168 [main] INFO org.springframework.test.context.support.AnnotationConfigContextLoaderUtils -- Could not detect default configuration classes for test class [com.backendstudy.template.BackendTemplateApplicationTests]: BackendTemplateApplicationTests does not declare any static, non-private, non-final, nested classes annotated with @Configuration.
02:01:18.169 [main] INFO org.springframework.boot.test.context.SpringBootTestContextBootstrapper -- Found @SpringBootConfiguration com.backendstudy.template.BackendTemplateApplication for test class com.backendstudy.template.BackendTemplateApplicationTests

  .   ____          _            __ _ _
 /\\ / ___'_ __ _ _(_)_ __  __ _ \ \ \ \
( ( )\___ | '_ | '_| | '_ \/ _` | \ \ \ \
 \\/  ___)| |_)| | | | | || (_| |  ) ) ) )
  '  |____| .__|_| |_|_| |_\__, | / / / /
 =========|_|==============|___/=/_/_/_/

 :: Spring Boot ::                (v4.1.0)

2026-07-28T02:01:18.267+09:00  INFO 12648 --- [backend-template-springboot] [           main] c.b.t.BackendTemplateApplicationTests    : Starting BackendTemplateApplicationTests using Java 21.0.6 with PID 12648 (started by bagseon-ung in /Users/bagseon-ung/backend-study/backend-template-springboot)
2026-07-28T02:01:18.267+09:00  INFO 12648 --- [backend-template-springboot] [           main] c.b.t.BackendTemplateApplicationTests    : No active profile set, falling back to 1 default profile: "default"
2026-07-28T02:01:18.546+09:00  INFO 12648 --- [backend-template-springboot] [           main] c.b.t.BackendTemplateApplicationTests    : Started BackendTemplateApplicationTests in 0.359 seconds (process running for 0.666)
]]></system-out>
    <system-err><![CDATA[Mockito is currently self-attaching to enable the inline-mock-maker. This will no longer work in future releases of the JDK. Please add Mockito as an agent to your build as described in Mockito's documentation: https://javadoc.io/doc/org.mockito/mockito-core/latest/org.mockito/org/mockito/Mockito.html#0.3
WARNING: A Java agent has been loaded dynamically (/Users/bagseon-ung/.m2/repository/net/bytebuddy/byte-buddy-agent/1.18.10/byte-buddy-agent-1.18.10.jar)
WARNING: If a serviceability tool is in use, please run with -XX:+EnableDynamicAgentLoading to hide this warning
WARNING: If a serviceability tool is not in use, please run with -Djdk.instrument.traceUsage for more information
WARNING: Dynamic loading of agents will be disallowed by default in a future release
]]></system-err>
  </testcase>
</testsuite>